<?xml version="1.0" encoding="UTF-8"?>
<testsuite name="com.telran.selenium.OpenGoogleTest" tests="1" skipped="0" failures="0" errors="0" timestamp="2019-08-26T16:16:40" hostname="LAPTOP-G2K9F2C5" time="9.874">
  <properties/>
  <testcase name="searchJavaTest" classname="com.telran.selenium.OpenGoogleTest" time="9.874"/>
  <system-out><![CDATA[]]></system-out>
  <system-err><![CDATA[Starting ChromeDriver 76.0.3809.68 (420c9498db8ce8fcd190a954d51297672c1515d5-refs/branch-heads/3809@{#864}) on port 13389
Only local connections are allowed.
Please protect ports used by ChromeDriver and related test frameworks to prevent access by malicious code.
[1566836198.467][WARNING]: Timed out connecting to Chrome, retrying...
авг 26, 2019 7:16:40 PM org.openqa.selenium.remote.ProtocolHandshake createSession
INFO: Detected dialect: W3C
]]></system-err>
</testsuite>
